# JRE version: Java(TM) SE Runtime Environment 18.9 (11.0.21+9) (build 11.0.21+9-LTS-193)
# Java VM: Java HotSpot(TM) 64-Bit Server VM 18.9 (11.0.21+9-LTS-193, mixed mode, tiered, compressed oops, g1 gc, windows-amd64)
Heap:
 garbage-first heap   total 120832K, used 22528K [0x000000008b000000, 0x0000000100000000)
  region size 1024K, 8 young (8192K), 1 survivors (1024K)
 Metaspace       used 15463K, capacity 15691K, committed 16000K, reserved 1064960K
  class space    used 1256K, capacity 1348K, committed 1408K, reserved 1048576K
GC Heap History (6 events):
Event: 0.811 GC heap before
{Heap before GC invocations=0 (full 0):
 garbage-first heap   total 120832K, used 23552K [0x000000008b000000, 0x0000000100000000)
  region size 1024K, 24 young (24576K), 0 survivors (0K)
 Metaspace       used 11500K, capacity 11702K, committed 12032K, reserved 1060864K
  class space    used 903K, capacity 978K, committed 1024K, reserved 1048576K
}
Event: 0.814 GC heap after
{Heap after GC invocations=1 (full 0):
 garbage-first heap   total 120832K, used 2592K [0x000000008b000000, 0x0000000100000000)
  region size 1024K, 3 young (3072K), 3 survivors (3072K)
 Metaspace       used 11500K, capacity 11702K, committed 12032K, reserved 1060864K
  class space    used 903K, capacity 978K, committed 1024K, reserved 1048576K
}
Event: 77.709 GC heap before
{Heap before GC invocations=1 (full 0):
 garbage-first heap   total 120832K, used 76320K [0x000000008b000000, 0x0000000100000000)
  region size 1024K, 70 young (71680K), 3 survivors (3072K)
 Metaspace       used 14910K, capacity 15077K, committed 15360K, reserved 1062912K
  class space    used 1200K, capacity 1251K, committed 1280K, reserved 1048576K
}
Event: 77.734 GC heap after
{Heap after GC invocations=2 (full 0):
 garbage-first heap   total 120832K, used 15008K [0x000000008b000000, 0x0000000100000000)
  region size 1024K, 9 young (9216K), 9 survivors (9216K)
 Metaspace       used 14910K, capacity 15077K, committed 15360K, reserved 1062912K
  class space    used 1200K, capacity 1251K, committed 1280K, reserved 1048576K
}
Event: 79.200 GC heap before
{Heap before GC invocations=2 (full 0):
 garbage-first heap   total 120832K, used 16032K [0x000000008b000000, 0x0000000100000000)
  region size 1024K, 10 young (10240K), 9 survivors (9216K)
 Metaspace       used 14942K, capacity 15077K, committed 15360K, reserved 1062912K
  class space    used 1203K, capacity 1251K, committed 1280K, reserved 1048576K
}
Event: 79.210 GC heap after
{Heap after GC invocations=3 (full 0):
 garbage-first heap   total 120832K, used 16384K [0x000000008b000000, 0x0000000100000000)
  region size 1024K, 1 young (1024K), 1 survivors (1024K)
 Metaspace       used 14942K, capacity 15077K, committed 15360K, reserved 1062912K
  class space    used 1203K, capacity 1251K, committed 1280K, reserved 1048576K
}

