# JRE version: Java(TM) SE Runtime Environment 18.9 (11.0.21+9) (build 11.0.21+9-LTS-193)
# Java VM: Java HotSpot(TM) 64-Bit Server VM 18.9 (11.0.21+9-LTS-193, mixed mode, tiered, compressed oops, g1 gc, windows-amd64)
Heap:
 garbage-first heap   total 120832K, used 22454K [0x000000008b000000, 0x0000000100000000)
  region size 1024K, 8 young (8192K), 1 survivors (1024K)
 Metaspace       used 15449K, capacity 15615K, committed 15744K, reserved 1062912K
  class space    used 1256K, capacity 1345K, committed 1408K, reserved 1048576K
GC Heap History (6 events):
Event: 1.147 GC heap before
{Heap before GC invocations=0 (full 0):
 garbage-first heap   total 120832K, used 23552K [0x000000008b000000, 0x0000000100000000)
  region size 1024K, 24 young (24576K), 0 survivors (0K)
 Metaspace       used 11496K, capacity 11698K, committed 12032K, reserved 1060864K
  class space    used 903K, capacity 978K, committed 1024K, reserved 1048576K
}
Event: 1.155 GC heap after
{Heap after GC invocations=1 (full 0):
 garbage-first heap   total 120832K, used 2592K [0x000000008b000000, 0x0000000100000000)
  region size 1024K, 3 young (3072K), 3 survivors (3072K)
 Metaspace       used 11496K, capacity 11698K, committed 12032K, reserved 1060864K
  class space    used 903K, capacity 978K, committed 1024K, reserved 1048576K
}
Event: 62.385 GC heap before
{Heap before GC invocations=1 (full 0):
 garbage-first heap   total 120832K, used 76320K [0x000000008b000000, 0x0000000100000000)
  region size 1024K, 70 young (71680K), 3 survivors (3072K)
 Metaspace       used 15405K, capacity 15551K, committed 15744K, reserved 1062912K
  class space    used 1256K, capacity 1345K, committed 1408K, reserved 1048576K
}
Event: 62.403 GC heap after
{Heap after GC invocations=2 (full 0):
 garbage-first heap   total 120832K, used 15296K [0x000000008b000000, 0x0000000100000000)
  region size 1024K, 9 young (9216K), 9 survivors (9216K)
 Metaspace       used 15405K, capacity 15551K, committed 15744K, reserved 1062912K
  class space    used 1256K, capacity 1345K, committed 1408K, reserved 1048576K
}
Event: 66.599 GC heap before
{Heap before GC invocations=2 (full 0):
 garbage-first heap   total 120832K, used 16320K [0x000000008b000000, 0x0000000100000000)
  region size 1024K, 10 young (10240K), 9 survivors (9216K)
 Metaspace       used 15421K, capacity 15615K, committed 15744K, reserved 1062912K
  class space    used 1256K, capacity 1345K, committed 1408K, reserved 1048576K
}
Event: 66.608 GC heap after
{Heap after GC invocations=3 (full 0):
 garbage-first heap   total 120832K, used 16310K [0x000000008b000000, 0x0000000100000000)
  region size 1024K, 1 young (1024K), 1 survivors (1024K)
 Metaspace       used 15421K, capacity 15615K, committed 15744K, reserved 1062912K
  class space    used 1256K, capacity 1345K, committed 1408K, reserved 1048576K
}

